<?xml version="1.0" encoding="UTF-8"?>
<!-- Generated by org.testng.reporters.JUnitXMLReporter -->
<testsuite ignored="0" hostname="Dharsanchlm" failures="0" tests="3" name="Default test" time="35.318" errors="0" timestamp="2025-09-14T22:00:26 IST">
  <testcase classname="com.runner.NaukriRunner" name="NakuriLogin" time="7.695"/>
  <testcase classname="com.runner.NaukriRunner" name="ProfileUpdate" time="16.38"/>
  <testcase classname="com.runner.NaukriRunner" name="resumepload" time="4.182"/>
</testsuite> <!-- Default test -->
