<?xml version="1.0" encoding="UTF-8"?>
<testng-results ignored="0" total="3" passed="3" failed="0" skipped="0">
  <reporter-output>
  </reporter-output>
  <suite started-at="2025-09-14T21:59:50 IST" name="Default suite" finished-at="2025-09-14T22:00:26 IST" duration-ms="35318">
    <groups>
    </groups>
    <test started-at="2025-09-14T21:59:50 IST" name="Default test" finished-at="2025-09-14T22:00:26 IST" duration-ms="35318">
      <class name="com.runner.NaukriRunner">
        <test-method is-config="true" signature="testStart()[pri:0, instance:com.runner.NaukriRunner@536f2a7e]" started-at="2025-09-14T21:59:50 IST" name="testStart" finished-at="2025-09-14T21:59:50 IST" duration-ms="418" status="PASS">
          <reporter-output>
          </reporter-output>
        </test-method> <!-- testStart -->
        <test-method is-config="true" signature="propertySetup()[pri:0, instance:com.runner.NaukriRunner@536f2a7e]" started-at="2025-09-14T21:59:50 IST" name="propertySetup" finished-at="2025-09-14T21:59:57 IST" duration-ms="6291" status="PASS">
          <reporter-output>
          </reporter-output>
        </test-method> <!-- propertySetup -->
        <test-method signature="NakuriLogin()[pri:0, instance:com.runner.NaukriRunner@536f2a7e]" started-at="2025-09-14T21:59:57 IST" name="NakuriLogin" finished-at="2025-09-14T22:00:04 IST" duration-ms="7695" status="PASS">
          <reporter-output>
          </reporter-output>
        </test-method> <!-- NakuriLogin -->
        <test-method signature="ProfileUpdate()[pri:0, instance:com.runner.NaukriRunner@536f2a7e]" started-at="2025-09-14T22:00:05 IST" name="ProfileUpdate" finished-at="2025-09-14T22:00:21 IST" duration-ms="16380" status="PASS">
          <reporter-output>
          </reporter-output>
        </test-method> <!-- ProfileUpdate -->
        <test-method signature="resumepload()[pri:0, instance:com.runner.NaukriRunner@536f2a7e]" started-at="2025-09-14T22:00:21 IST" name="resumepload" finished-at="2025-09-14T22:00:25 IST" duration-ms="4182" status="PASS">
          <reporter-output>
          </reporter-output>
        </test-method> <!-- resumepload -->
        <test-method is-config="true" signature="testEnd()[pri:0, instance:com.runner.NaukriRunner@536f2a7e]" started-at="2025-09-14T22:00:26 IST" name="testEnd" finished-at="2025-09-14T22:00:27 IST" duration-ms="1356" status="PASS">
          <reporter-output>
          </reporter-output>
        </test-method> <!-- testEnd -->
      </class> <!-- com.runner.NaukriRunner -->
    </test> <!-- Default test -->
  </suite> <!-- Default suite -->
</testng-results>
